{"timestamp": "2026-03-03T16:15:52.132662", "barcode": "0104601751028976215nXSMP\u001d93O6BF", "product_name": "Unknown"}
{"timestamp": "2026-03-03T16:17:55.678032", "barcode": "04601751028976", "product_name": "Protein Max со вкусом кокос-ваниль Molvest 240г стакан ВО (6)"}
{"timestamp": "2026-03-03T16:18:02.726695", "barcode": "04601751028976", "product_name": "Protein Max со вкусом кокос-ваниль Molvest 240г стакан ВО (6)"}
{"timestamp": "2026-03-03T16:18:31.228652", "barcode": "04601751028938", "product_name": "Protein Max со вкусом латте-макиато Molvest 240г стакан ВО (6)"}
{"timestamp": "2026-03-03T16:21:35.087356", "barcode": "04601751028976", "product_name": "Protein Max со вкусом кокос-ваниль Molvest 240г стакан ВО (6)"}
{"timestamp": "2026-03-03T16:22:03.246129", "barcode": "04601751028976", "product_name": "Protein Max со вкусом кокос-ваниль Molvest 240г стакан ВО (6)"}
{"timestamp": "2026-03-03T16:22:10.184710", "barcode": "04601751028976", "product_name": "Protein Max со вкусом кокос-ваниль Molvest 240г стакан ВО (6)"}
{"timestamp": "2026-03-03T16:22:12.446841", "barcode": "04601751028976", "product_name": "Protein Max со вкусом кокос-ваниль Molvest 240г стакан ВО (6)"}
{"timestamp": "2026-03-03T16:26:15.164784", "barcode": "0104601751028976215nXSMP\u001d93O6BF", "product_name": "Unknown"}
{"timestamp": "2026-03-03T16:26:17.992484", "barcode": "0104601751028976215nXSMP\u001d93O6BF", "product_name": "Unknown"}
{"timestamp": "2026-03-03T16:26:20.154404", "barcode": "0104601751028976215nXSMP\u001d93O6BF", "product_name": "Unknown"}
{"timestamp": "2026-03-03T16:26:36.097270", "barcode": "0104601751028976215nXSMP\u001d93O6BF", "product_name": "Unknown"}
{"timestamp": "2026-03-03T16:26:38.380129", "barcode": "0104601751028976215nXSMP\u001d93O6BF", "product_name": "Unknown"}
{"timestamp": "2026-03-03T16:26:39.690860", "barcode": "0104601751028976215nXSMP\u001d93O6BF", "product_name": "Unknown"}
{"timestamp": "2026-03-03T16:26:42.785243", "barcode": "0104601751028976215nXSMP\u001d93O6BF", "product_name": "Unknown"}
{"timestamp": "2026-03-04T09:14:36.091438", "barcode": "0104601751028976215nXSMP\u001d93O6BF", "product_name": "Unknown", "is_duplicate": true, "scan_count": 1}
{"timestamp": "2026-03-04T09:14:38.019042", "barcode": "0104601751028976215nXSMP\u001d93O6BF", "product_name": "Unknown", "is_duplicate": true, "scan_count": 1}
{"timestamp": "2026-03-04T09:26:51.893058", "barcode": "0104601751028976215nXSMP\u001d93O6BF", "product_name": "Unknown", "is_duplicate": true, "scan_count": 1}
{"timestamp": "2026-03-04T09:26:55.180429", "barcode": "0104601751028976215nXSMP\u001d93O6BF", "product_name": "Unknown", "is_duplicate": true, "scan_count": 1}
{"timestamp": "2026-03-04T09:26:58.941955", "barcode": "0104601751028976215KDk5P\u001d93M7cF", "product_name": "Unknown", "is_duplicate": true, "scan_count": 2}
{"timestamp": "2026-03-04T09:27:01.928037", "barcode": "0104601751028976215KDk5P\u001d93M7cF", "product_name": "Unknown", "is_duplicate": true, "scan_count": 2}
{"timestamp": "2026-03-04T09:27:03.996047", "barcode": "0104601751028945215z0.Vb\u001d93ccRQ", "product_name": "Unknown", "is_duplicate": true, "scan_count": 3}
{"timestamp": "2026-03-04T09:28:28.703791", "barcode": "0104601751028976215nXSMP\u001d93O6BF", "product_name": "Unknown", "is_duplicate": true, "scan_count": 1}
{"timestamp": "2026-03-04T09:28:53.841525", "barcode": "0104601751028976215nXSMP\u001d93O6BF", "product_name": "Unknown", "is_duplicate": true, "scan_count": 1}
{"timestamp": "2026-03-04T09:29:02.404787", "barcode": "0104601751028945215z0.Vb\u001d93ccRQ", "product_name": "Unknown", "is_duplicate": true, "scan_count": 2}
{"timestamp": "2026-03-04T09:29:26.595907", "barcode": "0104601751028976215nXSMP\u001d93O6BF", "product_name": "Unknown", "is_duplicate": true, "scan_count": 1}
{"timestamp": "2026-03-04T09:29:27.564297", "barcode": "0104601751028945215z0.Vb\u001d93ccRQ", "product_name": "Unknown", "is_duplicate": true, "scan_count": 2}
{"timestamp": "2026-03-04T09:29:29.452913", "barcode": "0104601751028976215nXSMP\u001d93O6BF", "product_name": "Unknown", "is_duplicate": true, "scan_count": 2}
{"timestamp": "2026-03-04T09:29:36.336191", "barcode": "0104601751028976215nXSMP\u001d93O6BF", "product_name": "Unknown", "is_duplicate": true, "scan_count": 1}
{"timestamp": "2026-03-04T09:30:07.974200", "barcode": "0104601751028976215nXSMP\u001d93O6BF", "product_name": "Unknown", "is_duplicate": true, "scan_count": 1}
{"timestamp": "2026-03-04T09:30:51.822176", "barcode": "0104601751028976215nXSMP\u001d93O6BF", "product_name": "Unknown", "is_duplicate": true, "scan_count": 1}
{"timestamp": "2026-03-04T09:30:54.694462", "barcode": "0104601751028945215z0.Vb\u001d93ccRQ", "product_name": "Unknown", "is_duplicate": true, "scan_count": 2}
{"timestamp": "2026-03-04T09:30:57.572815", "barcode": "0104601751028945215z0.Vb\u001d93ccRQ", "product_name": "Unknown", "is_duplicate": true, "scan_count": 2}
